<?xml version="1.0" encoding="UTF-8"?>
<testng-results skipped="0" failed="0" total="1" passed="1">
  <reporter-output>
  </reporter-output>
  <suite name="Surefire suite" duration-ms="286" started-at="2021-01-06T16:17:43Z" finished-at="2021-01-06T16:17:43Z">
    <groups>
    </groups>
    <test name="Surefire test" duration-ms="286" started-at="2021-01-06T16:17:43Z" finished-at="2021-01-06T16:17:43Z">
      <class name="ClCompare.comparision_xcl.AppTest">
        <test-method status="PASS" signature="shouldAnswerWithTrue()[pri:0, instance:shouldAnswerWithTrue(ClCompare.comparision_xcl.AppTest)]" name="shouldAnswerWithTrue" duration-ms="17" started-at="2021-01-06T21:47:43Z" finished-at="2021-01-06T21:47:43Z">
          <reporter-output>
          </reporter-output>
        </test-method> <!-- shouldAnswerWithTrue -->
      </class> <!-- ClCompare.comparision_xcl.AppTest -->
    </test> <!-- Surefire test -->
  </suite> <!-- Surefire suite -->
</testng-results>
